Diagnose log at 2022-06-17T20:25:14Z

Executable: /usr/local/share/gcm-core/git-credential-manager-core
Version: 2.0.696+4365b917da

------------
Diagnostic: Environment
Skipped: False
Success: True
Exception: None
Log:
OSType: macOS
OSVersion: 10.13.6
Reading environment variables... OK
 Variables:
ZSH=/Users/kuerbo/.oh-my-zsh
LOGNAME=kuerbo
TERM_SESSION_ID=w0t0p0:7199583B-8112-42C6-93EC-9B5C38315DA2
_=/usr/local/bin/git-credential-manager-core
SHELL=/bin/zsh
COLORFGBG=7;0
USER=kuerbo
LANG=es_ES.UTF-8
LC_TERMINAL=iTerm2
PWD=/Users/kuerbo/workspace/tiny_python_projects
XPC_SERVICE_NAME=0
TERM=xterm-256color
COLORTERM=truecolor
_P9K_TTY=/dev/ttys000
__CF_USER_TEXT_ENCODING=0x1F5:0x0:0x8
XPC_FLAGS=0x0
LSCOLORS=BxBxhxDxfxhxhxhxhxcxcx
LESS=-R
Apple_PubSub_Socket_Render=/private/tmp/com.apple.launchd.UM5Lpd4IZc/Render
SSH_AUTH_SOCK=/private/tmp/com.apple.launchd.c4BTUtw3Qv/Listeners
PATH=/Users/kuerbo/bin:/usr/local/bin:i/usr/local/sbin:/usr/local/bin:/usr/bin:/bin:/usr/sbin:/sbin:/opt/X11/bin:/usr/local/share/dotnet:~/.dotnet/tools:/usr/local/git/bin:/Library/Frameworks/Mono.framework/Versions/Current/Commands:/Applications/Xamarin Workbooks.app/Contents/SharedSupport/path-bin:/Users/kuerbo/.composer/vendor/bin
HOME=/Users/kuerbo
SHLVL=1
P9K_TTY=old
TMPDIR=/var/folders/gg/fys73ttx2cbfvnbf0w_bpk200000gn/T/
ITERM_PROFILE=Copy of Default
FZF_DEFAULT_COMMAND=fd --type f --hidden --exclude .git
TERM_PROGRAM_VERSION=3.3.12
LC_TERMINAL_VERSION=3.3.12
P9K_SSH=0
OLDPWD=/Users/kuerbo/workspace
PAGER=less
TERM_PROGRAM=iTerm.app
ITERM_SESSION_ID=w0t0p0:7199583B-8112-42C6-93EC-9B5C38315DA2


------------
Diagnostic: File system
Skipped: False
Success: True
Exception: None
Log:
Temporary directory is '/var/folders/gg/fys73ttx2cbfvnbf0w_bpk200000gn/T/'...
Checking basic file I/O...
Writing to temporary file '/var/folders/gg/fys73ttx2cbfvnbf0w_bpk200000gn/T/d77e4dc99035fecb3d9b0964'... OK
Reading from temporary file '/var/folders/gg/fys73ttx2cbfvnbf0w_bpk200000gn/T/d77e4dc99035fecb3d9b0964'... OK
Deleting temporary file '/var/folders/gg/fys73ttx2cbfvnbf0w_bpk200000gn/T/d77e4dc99035fecb3d9b0964'... OK
Testing IFileSystem instance...
UserHomePath: /Users/kuerbo
UserDataDirectoryPath: /Users/kuerbo/.gcm
GetCurrentDirectory(): /Users/kuerbo/workspace/tiny_python_projects

------------
Diagnostic: Networking
Skipped: False
Success: True
Exception: None
Log:
Checking basic networking and HTTP stack...
Creating HTTP client... OK
IsNetworkAvailable: True
Sending HEAD request to http://example.com... OK
Sending HEAD request to https://example.com... OK
Acquiring free TCP port... OK
Testing local HTTP loopback connections...
Creating new HTTP listener for http://localhost:54152/... OK
Waiting for loopback connection... OK
Writing response... OK
Waiting for response data... OK
Loopback connection data OK
Testing with IHttpClientFactory created HTTP client...
Creating HTTP client... OK
IsNetworkAvailable: True
Sending HEAD request to http://example.com... OK
Sending HEAD request to https://example.com... OK
Acquiring free TCP port... OK
Testing local HTTP loopback connections...
Creating new HTTP listener for http://localhost:54154/... OK
Waiting for loopback connection... OK
Writing response... OK
Waiting for response data... OK
Loopback connection data OK

------------
Diagnostic: Git
Skipped: False
Success: True
Exception: None
Log:
Getting Git version... OK
Git version is '2.17.2 (Apple Git-113)'
Locating current repository... OK
Git repository at '/Users/kuerbo/workspace/tiny_python_projects/.git'
Listing all Git configuration... OK
Git configuration:
file:/Applications/Xcode.app/Contents/Developer/usr/share/git-core/gitconfig	credential.helper=osxkeychain
file:/Users/kuerbo/.gitconfig	alias.l=log --pretty=oneline -n 20 --graph --abbrev-commit
file:/Users/kuerbo/.gitconfig	alias.s=status -s
file:/Users/kuerbo/.gitconfig	alias.d=!git diff-index --quiet HEAD -- || clear; git --no-pager diff --patch-with-stat
file:/Users/kuerbo/.gitconfig	alias.di=!d() { git diff --patch-with-stat HEAD~$1; }; git diff-index --quiet HEAD -- || clear; d
file:/Users/kuerbo/.gitconfig	alias.p=pull --recurse-submodules
file:/Users/kuerbo/.gitconfig	alias.c=clone --recursive
file:/Users/kuerbo/.gitconfig	alias.ca=!git add -A && git commit -av
file:/Users/kuerbo/.gitconfig	alias.go=!f() { git checkout -b "$1" 2> /dev/null || git checkout "$1"; }; f
file:/Users/kuerbo/.gitconfig	alias.tags=tag -l
file:/Users/kuerbo/.gitconfig	alias.branches=branch --all
file:/Users/kuerbo/.gitconfig	alias.remotes=remote --verbose
file:/Users/kuerbo/.gitconfig	alias.aliases=config --get-regexp alias
file:/Users/kuerbo/.gitconfig	alias.amend=commit --amend --reuse-message=HEAD
file:/Users/kuerbo/.gitconfig	alias.credit=!f() { git commit --amend --author "$1 <$2>" -C HEAD; }; f
file:/Users/kuerbo/.gitconfig	alias.reb=!r() { git rebase -i HEAD~$1; }; r
file:/Users/kuerbo/.gitconfig	alias.retag=!r() { git tag -d $1 && git push origin :refs/tags/$1 && git tag $1; }; r
file:/Users/kuerbo/.gitconfig	alias.fb=!f() { git branch -a --contains $1; }; f
file:/Users/kuerbo/.gitconfig	alias.ft=!f() { git describe --always --contains $1; }; f
file:/Users/kuerbo/.gitconfig	alias.fc=!f() { git log --pretty=format:'%C(yellow)%h  %Cblue%ad  %Creset%s%Cgreen  [%cn] %Cred%d' --decorate --date=short -S$1; }; f
file:/Users/kuerbo/.gitconfig	alias.fm=!f() { git log --pretty=format:'%C(yellow)%h  %Cblue%ad  %Creset%s%Cgreen  [%cn] %Cred%d' --decorate --date=short --grep=$1; }; f
file:/Users/kuerbo/.gitconfig	alias.dm=!git branch --merged | grep -v '\*' | xargs -n 1 git branch -d
file:/Users/kuerbo/.gitconfig	alias.contributors=shortlog --summary --numbered
file:/Users/kuerbo/.gitconfig	alias.whoami=config user.email
file:/Users/kuerbo/.gitconfig	apply.whitespace=fix
file:/Users/kuerbo/.gitconfig	branch.sort=-committerdate
file:/Users/kuerbo/.gitconfig	core.excludesfile=~/.gitignore
file:/Users/kuerbo/.gitconfig	core.attributesfile=~/.gitattributes
file:/Users/kuerbo/.gitconfig	core.whitespace=space-before-tab,-indent-with-non-tab,trailing-space
file:/Users/kuerbo/.gitconfig	core.trustctime=false
file:/Users/kuerbo/.gitconfig	core.precomposeunicode=false
file:/Users/kuerbo/.gitconfig	core.untrackedcache=true
file:/Users/kuerbo/.gitconfig	color.ui=auto
file:/Users/kuerbo/.gitconfig	color.branch.current=yellow reverse
file:/Users/kuerbo/.gitconfig	color.branch.local=yellow
file:/Users/kuerbo/.gitconfig	color.branch.remote=green
file:/Users/kuerbo/.gitconfig	color.diff.meta=yellow bold
file:/Users/kuerbo/.gitconfig	color.diff.frag=magenta bold
file:/Users/kuerbo/.gitconfig	color.diff.old=red
file:/Users/kuerbo/.gitconfig	color.diff.new=green
file:/Users/kuerbo/.gitconfig	color.status.added=yellow
file:/Users/kuerbo/.gitconfig	color.status.changed=green
file:/Users/kuerbo/.gitconfig	color.status.untracked=cyan
file:/Users/kuerbo/.gitconfig	commit.gpgsign=false
file:/Users/kuerbo/.gitconfig	diff.renames=copies
file:/Users/kuerbo/.gitconfig	diff.bin.textconv=hexdump -v -C
file:/Users/kuerbo/.gitconfig	help.autocorrect=1
file:/Users/kuerbo/.gitconfig	merge.log=true
file:/Users/kuerbo/.gitconfig	push.default=simple
file:/Users/kuerbo/.gitconfig	push.followtags=true
file:/Users/kuerbo/.gitconfig	url.git@github.com:.insteadof=gh:
file:/Users/kuerbo/.gitconfig	url.git@github.com:.pushinsteadof=github:
file:/Users/kuerbo/.gitconfig	url.git@github.com:.pushinsteadof=git://github.com/
file:/Users/kuerbo/.gitconfig	url.git://github.com/.insteadof=github:
file:/Users/kuerbo/.gitconfig	url.git@gist.github.com:.insteadof=gst:
file:/Users/kuerbo/.gitconfig	url.git@gist.github.com:.pushinsteadof=gist:
file:/Users/kuerbo/.gitconfig	url.git@gist.github.com:.pushinsteadof=git://gist.github.com/
file:/Users/kuerbo/.gitconfig	url.git://gist.github.com/.insteadof=gist:
file:/Users/kuerbo/.gitconfig	init.defaultbranch=main
file:/Users/kuerbo/.gitconfig	user.name=acuervoa
file:/Users/kuerbo/.gitconfig	user.email=kuerbo@gmail.com
file:/Users/kuerbo/.gitconfig	credential.helper=
file:/Users/kuerbo/.gitconfig	credential.helper=/usr/local/share/gcm-core/git-credential-manager-core
file:/Users/kuerbo/.gitconfig	credential.https://dev.azure.com.usehttppath=true
file:.git/config	core.repositoryformatversion=0
file:.git/config	core.filemode=true
file:.git/config	core.bare=false
file:.git/config	core.logallrefupdates=true
file:.git/config	core.ignorecase=true
file:.git/config	remote.origin.url=https://github.com/acuervoa/tiny_python_projects
file:.git/config	remote.origin.fetch=+refs/heads/*:refs/remotes/origin/*
file:.git/config	branch.master.remote=origin
file:.git/config	branch.master.merge=refs/heads/master
file:.git/config	remote.upstream.url=https://github.com/kyclark/tiny_python_projects.git
file:.git/config	remote.upstream.fetch=+refs/heads/*:refs/remotes/upstream/*


------------
Diagnostic: Credential storage
Skipped: False
Success: True
Exception: None
Log:
ICredentialStore instance is of type: CredentialStore
Writing test credential... OK
Reading test credential... OK
Deleting test credential... OK

------------
Diagnostic: Microsoft authentication (AAD/MSA)
Skipped: False
Success: True
Exception: None
Log:
Broker not supported.
Flow type is: Auto
Gathering MSAL token cache data... OK
CacheDirectory: /Users/kuerbo/.local/.IdentityService
CacheFileName: msal.cache
CacheFilePath: /Users/kuerbo/.local/.IdentityService/msal.cache
MacKeyChainAccountName: MSALCache
MacKeyChainServiceName: Microsoft.Developer.IdentityService
Creating cache helper... OK
Verifying MSAL token cache persistence... OK

------------
Diagnostic: GitHub API
Skipped: False
Success: True
Exception: None
Log:
Using 'https://github.com/' as API target.
Querying '/meta' endpoint... OK

